<?xml version="1.0" encoding="UTF-8"?>
<testsuite name="hello.advanced.trace.threadlocal.ThreadLocalServiceTest" tests="1" skipped="0" failures="0" errors="0" timestamp="2026-01-17T20:17:07.407Z" hostname="DESKTOP-VODBLFV" time="4.1">
  <properties/>
  <testcase name="field()" classname="hello.advanced.trace.threadlocal.ThreadLocalServiceTest" time="4.1"/>
  <system-out><![CDATA[05:17:07.421 [Test worker] INFO hello.advanced.trace.threadlocal.ThreadLocalServiceTest -- main start
05:17:07.442 [thread-A] INFO hello.advanced.trace.threadlocal.code.ThreadLocalService -- 저장 name=userA -> nameStore=null
05:17:08.449 [thread-A] INFO hello.advanced.trace.threadlocal.code.ThreadLocalService -- 조회 nameStore=userA
05:17:09.450 [thread-B] INFO hello.advanced.trace.threadlocal.code.ThreadLocalService -- 저장 name=userB -> nameStore=null
05:17:10.461 [thread-B] INFO hello.advanced.trace.threadlocal.code.ThreadLocalService -- 조회 nameStore=userB
05:17:11.463 [Test worker] INFO hello.advanced.trace.threadlocal.ThreadLocalServiceTest -- main exit
]]></system-out>
  <system-err><![CDATA[]]></system-err>
</testsuite>
